<?xml version="1.0" encoding="UTF-8"?>
<!-- Generated by org.testng.reporters.JUnitXMLReporter -->
<testsuite ignored="1" hostname="DHIRAJ" failures="0" tests="1" name="ChromeTest" time="11.132" errors="0" timestamp="2025-09-06T00:10:17 IST">
  <testcase classname="com.OpenCart.TestCases.TC01_Account_Registration" name="accountRegistration" time="2.501"/>
  <testcase classname="com.OpenCart.TestCases.TC02_LoginTest" name="LoginTc" time="0.0">
    <ignored/>
  </testcase> <!-- LoginTc -->
</testsuite> <!-- ChromeTest -->
